Build started 12/12/2015 15:29:40.
     1>Project "C:\Users\Deirdre Meehan\Desktop\ComputerGraphics\GraphicsProject\GraphicsProject\Lab1\Lab1.vcxproj" on node 2 (Build target(s)).
     1>ClCompile:
         C:\Program Files (x86)\Microsoft Visual Studio 11.0\VC\bin\CL.exe /c /I"C:\Users\Deirdre Meehan\Desktop\ComputerGraphics\GraphicsProject\GraphicsProject\glfw-3.1.2.bin.WIN32\include" /I"C:\Users\Deirdre Meehan\Desktop\ComputerGraphics\GraphicsProject\GraphicsProject\\glew-1.10.0\include" /I"C:\Users\Deirdre Meehan\Desktop\ComputerGraphics\GraphicsProject\GraphicsProject\\soil\Simple OpenGL Image Library\src" /I"C:\Users\Deirdre Meehan\Desktop\ComputerGraphics\GraphicsProject\GraphicsProject\\assimp\include" /I"C:\Users\Deirdre Meehan\Desktop\ComputerGraphics\Lab1\freeglut\include" /I"C:\Users\Deirdre Meehan\Desktop\ComputerGraphics\Lab1\glew-1.10.0\include" /ZI /nologo /W3 /WX- /Od /Oy- /D _MBCS /Gm /EHsc /RTC1 /MDd /GS /fp:precise /Zc:wchar_t /Zc:forScope /Fo"Debug\\" /Fd"Debug\vc110.pdb" /Gd /TP /analyze- /errorReport:prompt Mesh.cpp Terrain.cpp "main (1).cpp"
         Mesh.cpp
     1>c:\users\deirdre meehan\desktop\computergraphics\graphicsproject\graphicsproject\lab1\mesh.cpp(120): warning C4018: '<' : signed/unsigned mismatch
     1>c:\users\deirdre meehan\desktop\computergraphics\graphicsproject\graphicsproject\lab1\mesh.cpp(133): warning C4018: '<' : signed/unsigned mismatch
         Generating Code...
         Skipping... (no relevant changes detected)
         main (1).cpp
         Terrain.cpp
       Link:
         C:\Program Files (x86)\Microsoft Visual Studio 11.0\VC\bin\link.exe /ERRORREPORT:PROMPT /OUT:"C:\Users\Deirdre Meehan\Desktop\ComputerGraphics\GraphicsProject\GraphicsProject\Debug\Lab1.exe" /INCREMENTAL /NOLOGO /LIBPATH:"C:\Users\Deirdre Meehan\Desktop\ComputerGraphics\GraphicsProject\GraphicsProject\glfw-3.1.2.bin.WIN32\lib-vc2012" /LIBPATH:"C:\Users\Deirdre Meehan\Desktop\ComputerGraphics\GraphicsProject\GraphicsProject\\assimp\lib\Debug" /LIBPATH:"C:\Users\Deirdre Meehan\Desktop\ComputerGraphics\GraphicsProject\GraphicsProject\\glew-1.10.0\lib\Release\Win32" /LIBPATH:"C:\Users\Deirdre Meehan\Desktop\ComputerGraphics\GraphicsProject\GraphicsProject\\soil\Simple OpenGL Image Library\lib" /LIBPATH:"C:\Users\Deirdre Meehan\Desktop\ComputerGraphics\Lab5\assimp\lib\Debug" /LIBPATH:"C:\Users\Deirdre Meehan\Desktop\ComputerGraphics\Lab1\glew-1.10.0\lib\Release\Win32" /LIBPATH:"C:\Users\Deirdre Meehan\Desktop\ComputerGraphics\Lab1\freeglut\lib" glew32.lib assimp.lib SOIL.lib glfw3.lib opengl32.lib kernel32.lib user32.lib gdi32.lib winspool.lib comdlg32.lib advapi32.lib shell32.lib ole32.lib oleaut32.lib uuid.lib odbc32.lib odbccp32.lib /MANIFEST /MANIFESTUAC:"level='asInvoker' uiAccess='false'" /manifest:embed /DEBUG /PDB:"C:\Users\Deirdre Meehan\Desktop\ComputerGraphics\GraphicsProject\GraphicsProject\Debug\Lab1.pdb" /TLBID:1 /DYNAMICBASE /NXCOMPAT /IMPLIB:"C:\Users\Deirdre Meehan\Desktop\ComputerGraphics\GraphicsProject\GraphicsProject\Debug\Lab1.lib" /MACHINE:X86 Debug\Buffer.obj
         "Debug\main (1).obj"
         Debug\maths_funcs.obj
         Debug\Mesh.obj
         Debug\Noise.obj
         Debug\Terrain.obj
         Lab1.vcxproj -> C:\Users\Deirdre Meehan\Desktop\ComputerGraphics\GraphicsProject\GraphicsProject\Debug\Lab1.exe
     1>Done Building Project "C:\Users\Deirdre Meehan\Desktop\ComputerGraphics\GraphicsProject\GraphicsProject\Lab1\Lab1.vcxproj" (Build target(s)).

Build succeeded.

Time Elapsed 00:00:01.57
